<?xml version="1.0" encoding="UTF-8"?>
<testng-results skipped="0" failed="0" ignored="0" total="1" passed="1">
  <reporter-output>
  </reporter-output>
  <suite name="Default suite" duration-ms="62" started-at="2021-12-28T10:05:54Z" finished-at="2021-12-28T10:05:54Z">
    <groups>
    </groups>
    <test name="Default test" duration-ms="62" started-at="2021-12-28T10:05:54Z" finished-at="2021-12-28T10:05:54Z">
      <class name="Jenkins.DemoJob.NewTest">
        <test-method status="PASS" signature="testngreport()[pri:0, instance:Jenkins.DemoJob.NewTest@6500df86]" name="testngreport" duration-ms="19" started-at="2021-12-28T15:35:54Z" finished-at="2021-12-28T15:35:54Z">
          <reporter-output>
          </reporter-output>
        </test-method> <!-- testngreport -->
      </class> <!-- Jenkins.DemoJob.NewTest -->
    </test> <!-- Default test -->
  </suite> <!-- Default suite -->
</testng-results>
